<?xml version="1.0" encoding="UTF-8"?>
<testng-results total="3" passed="3" failed="0" skipped="0">
  <reporter-output>
  </reporter-output>
  <suite started-at="2020-02-26T05:32:23Z" name="Default suite" finished-at="2020-02-26T05:33:08Z" duration-ms="45409">
    <groups>
    </groups>
    <test started-at="2020-02-26T05:32:23Z" name="Default test" finished-at="2020-02-26T05:33:08Z" duration-ms="45409">
      <class name="com.atmecs.testscript.TestScript">
        <test-method is-config="true" signature="invokeBrowser()[pri:0, instance:com.atmecs.testscript.TestScript@f2f2cc1]" started-at="2020-02-26T11:02:23Z" name="invokeBrowser" finished-at="2020-02-26T11:02:50Z" duration-ms="27958" status="PASS">
          <reporter-output>
          </reporter-output>
        </test-method> <!-- invokeBrowser -->
        <test-method signature="anavigateToCloudService()[pri:0, instance:com.atmecs.testscript.TestScript@f2f2cc1]" started-at="2020-02-26T11:02:51Z" name="anavigateToCloudService" finished-at="2020-02-26T11:03:05Z" duration-ms="14483" status="PASS">
          <reporter-output>
          </reporter-output>
        </test-method> <!-- anavigateToCloudService -->
        <test-method signature="bnavigateToCareers()[pri:0, instance:com.atmecs.testscript.TestScript@f2f2cc1]" started-at="2020-02-26T11:03:05Z" name="bnavigateToCareers" finished-at="2020-02-26T11:03:05Z" duration-ms="4" status="PASS">
          <reporter-output>
          </reporter-output>
        </test-method> <!-- bnavigateToCareers -->
        <test-method signature="creturnToHomepage()[pri:0, instance:com.atmecs.testscript.TestScript@f2f2cc1]" started-at="2020-02-26T11:03:05Z" name="creturnToHomepage" finished-at="2020-02-26T11:03:08Z" duration-ms="2904" status="PASS">
          <reporter-output>
          </reporter-output>
        </test-method> <!-- creturnToHomepage -->
      </class> <!-- com.atmecs.testscript.TestScript -->
    </test> <!-- Default test -->
  </suite> <!-- Default suite -->
</testng-results>
