<?xml version="1.0" encoding="UTF-8"?>
<!-- Generated by org.testng.reporters.JUnitXMLReporter -->
<testsuite hostname="ATMECSINDT-083" failures="1" tests="1" name="Test(failed)" time="14.919" errors="0" timestamp="26 Feb 2020 14:40:09 GMT">
  <testcase classname="com.swagalabs.testscript.HomePageValidation" name="homePageValidation" time="0.021">
    <failure type="java.lang.IllegalArgumentException" message="Cannot find elements when the XPath is null.">
      <![CDATA[java.lang.IllegalArgumentException: Cannot find elements when the XPath is null.
	at org.openqa.selenium.By$ByXPath.<init>(By.java:339)
	at org.openqa.selenium.By.xpath(By.java:92)
	at com.swaglabs.pageactions.ProductDataGet.getTextName(ProductDataGet.java:19)
	at com.swaglabs.helper.HomePageHelper.productValidation(HomePageHelper.java:10)
	at com.swagalabs.testscript.HomePageValidation.homePageValidation(HomePageValidation.java:15)
... Removed 25 stack frames]]>
    </failure>
  </testcase> <!-- homePageValidation -->
</testsuite> <!-- Test(failed) -->
