<?xml version="1.0" encoding="UTF-8"?>
<!-- Generated by org.testng.reporters.JUnitXMLReporter -->
<testsuite hostname="ATMECSINDT-083" failures="0" tests="3" name="Default test" time="45.409" errors="0" timestamp="26 Feb 2020 05:33:08 GMT">
  <testcase classname="com.atmecs.testscript.TestScript" name="anavigateToCloudService" time="14.483"/>
  <testcase classname="com.atmecs.testscript.TestScript" name="bnavigateToCareers" time="0.004"/>
  <testcase classname="com.atmecs.testscript.TestScript" name="creturnToHomepage" time="2.904"/>
</testsuite> <!-- Default test -->
